C166 COMPILER V7.00, IO                                                                    08/04/2019 12:21:54 PAGE 1   


C166 COMPILER V7.00, COMPILATION OF MODULE IO
OBJECT MODULE PLACED IN io.OBJ
COMPILER INVOKED BY: C:\Program Files\Keil4Inf\C166\BIN\C166.EXE io.c MODV2 BROWSE MODV2 DEBUG

 stmt lvl     source

    1         //****************************************************************************
    2         // @Module        Parallel Ports
    3         // @Filename      io.c
    4         // @Project       ioPlusLIN.dav
    5         //----------------------------------------------------------------------------
    6         // @Controller    Infineon XC2234L-20F66L
    7         //
    8         // @Compiler      TASKING VX-toolset
    9         //
   10         // @Codegenerator 1.2
   11         //
   12         // @Description   This file contains functions that use the IO module.
   13         //
   14         //----------------------------------------------------------------------------
   15         // @Date          2019/8/4 11:50:48
   16         //
   17         //****************************************************************************
   18         
   19         // USER CODE BEGIN (IO_General,1)
   20         
   21         // USER CODE END
   22         
   23         
   24         
   25         //****************************************************************************
   26         // @Project Includes
   27         //****************************************************************************
   28         
   29         #include "MAIN.h"
*** ERROR C42 IN LINE 339 OF SCS.H: 'Scs_EnableHighPrecOsc': not in formal parameter list
*** ERROR C42 IN LINE 343 OF SCS.H: 'Scs_ApplyNewK2Div': not in formal parameter list
*** ERROR C42 IN LINE 344 OF SCS.H: 'Scs_GoFromBaseModeToNormalMode': not in formal parameter list
*** ERROR C42 IN LINE 345 OF SCS.H: 'Scs_InitTimer': not in formal parameter list
*** ERROR C42 IN LINE 348 OF SCS.H: 'Scs_RestoreTimer': not in formal parameter list
*** WARNING C34 IN LINE 379 OF SCS.H: 'inline': missing declaration specifiers
*** ERROR C42 IN LINE 379 OF SCS.H: 'inline': not in formal parameter list
*** ERROR C25 IN LINE 379 OF SCS.H: syntax error near 'void'
*** ERROR C25 IN LINE 385 OF SCS.H: syntax error near 'uword'
*** ERROR C25 IN LINE 391 OF SCS.H: syntax error near 'uword'
*** WARNING C34 IN LINE 418 OF SCS.H: 'DestPtr': missing declaration specifiers
*** ERROR C42 IN LINE 418 OF SCS.H: 'DestPtr': not in formal parameter list
*** ERROR C25 IN LINE 419 OF SCS.H: syntax error near 'const'
*** WARNING C34 IN LINE 419 OF SCS.H: 'SrcPtr': missing declaration specifiers
*** ERROR C42 IN LINE 419 OF SCS.H: 'SrcPtr': not in formal parameter list
*** ERROR C25 IN LINE 419 OF SCS.H: syntax error near 'unsigned'
*** ERROR C142 IN LINE 424 OF SCS.H: illegal initialization
*** WARNING C34 IN LINE 425 OF SCS.H: 'DestPtr': missing declaration specifiers
*** ERROR C42 IN LINE 425 OF SCS.H: 'DestPtr': not in formal parameter list
*** ERROR C25 IN LINE 425 OF SCS.H: syntax error near '++'
   30         
   31         // USER CODE BEGIN (IO_General,2)
   32         
   33         // USER CODE END
   34         
   35         
C166 COMPILER V7.00, IO                                                                    08/04/2019 12:21:54 PAGE 2   

   36         //****************************************************************************
   37         // @Macros
   38         //****************************************************************************
   39         
   40         // USER CODE BEGIN (IO_General,3)
   41         
   42         // USER CODE END
   43         
   44         
   45         //****************************************************************************
   46         // @Defines
   47         //****************************************************************************
   48         
   49         // USER CODE BEGIN (IO_General,4)
   50         
   51         // USER CODE END
   52         
   53         
   54         //****************************************************************************
   55         // @Typedefs
   56         //****************************************************************************
   57         
   58         // USER CODE BEGIN (IO_General,5)
   59         
   60         // USER CODE END
   61         
   62         
   63         //****************************************************************************
   64         // @Imported Global Variables
   65         //****************************************************************************
   66         
   67         // USER CODE BEGIN (IO_General,6)
   68         
   69         // USER CODE END
   70         
   71         
   72         //****************************************************************************
   73         // @Global Variables
   74         //****************************************************************************
   75         
   76         // USER CODE BEGIN (IO_General,7)
   77         
   78         // USER CODE END
   79         
   80         
   81         //****************************************************************************
   82         // @External Prototypes
   83         //****************************************************************************
   84         
   85         // USER CODE BEGIN (IO_General,8)
   86         
   87         // USER CODE END
   88         
   89         
   90         //****************************************************************************
   91         // @Prototypes Of Local Functions
   92         //****************************************************************************
   93         
   94         // USER CODE BEGIN (IO_General,9)
   95         
   96         // USER CODE END
   97         
C166 COMPILER V7.00, IO                                                                    08/04/2019 12:21:54 PAGE 3   

   98         
   99         //****************************************************************************
  100         // @Function      void IO_vInit(void) 
  101         //
  102         //----------------------------------------------------------------------------
  103         // @Description   This is the initialization function of the IO function 
  104         //                library. It is assumed that the SFRs used by this library 
  105         //                are in reset state. 
  106         //
  107         //----------------------------------------------------------------------------
  108         // @Returnvalue   None
  109         //
  110         //----------------------------------------------------------------------------
  111         // @Parameters    None
  112         //
  113         //----------------------------------------------------------------------------
  114         // @Date          2019/8/4
  115         //
  116         //****************************************************************************
  117         
  118         // USER CODE BEGIN (IO_Function,1)
  119         
  120         // USER CODE END
  121         
  122         void IO_vInit(void)
  123         {
  124           // USER CODE BEGIN (IO_Function,2)
  125         
  126           // USER CODE END
  127         
  128         
  129           ///  -----------------------------------------------------------------------
  130           ///  Configuration of Port P2:
  131           ///  -----------------------------------------------------------------------
  132           ///  P2.3 is used as alternate output for the USIC0 Channel0 Shift Data 
  133           ///  Output(DOUT)
  134           ///  - push/pull output is selected
  135           ///  P2.4 is used as alternate input for the USIC0 Channel0 Shift Data 
  136           ///  input(DX0F)
  137         
  138           ///  P2.0 - P2.3 output driver characteristic: strong driver
  139           ///  P2.4 - P2.7 output driver characteristic: strong driver
  140           ///  P2.8 - P2.13 output driver characteristic: strong driver
  141         
  142           ///  P2.0 - P2.3 output edge characteristic: sharp edge mode
  143           ///  P2.4 - P2.7 output edge characteristic: sharp edge mode
  144           ///  P2.8 - P2.13 output edge characteristic: sharp edge mode
  145         
  146         
  147           ///  -----------------------------------------------------------------------
  148           ///  Configuration of Port P5:
  149           ///  -----------------------------------------------------------------------
  150           ///  - no pin of port P5 is used
  151           ///  - Port5 Data register P5(Read only)
  152         
  153         
  154           ///  -----------------------------------------------------------------------
  155           ///  Configuration of Port P6:
  156           ///  -----------------------------------------------------------------------
  157           ///  - no pin of port P6 is used
  158         
  159         
C166 COMPILER V7.00, IO                                                                    08/04/2019 12:21:54 PAGE 4   

  160           ///  -----------------------------------------------------------------------
  161           ///  Configuration of Port P10:
  162           ///  -----------------------------------------------------------------------
  163           ///  P10.4 is used as general purpose output
  164           ///  - push/pull output is selected
  165           ///  - the pin status is low level
  166           ///  P10.5 is used as general purpose output
  167           ///  - push/pull output is selected
  168           ///  - the pin status is low level
  169           ///  P10.7 is used as general purpose output
  170           ///  - push/pull output is selected
  171           ///  - the pin status is low level
  172         
  173           ///  P10.0 - P10.3 output driver characteristic: strong driver
  174           ///  P10.4 - P10.7 output driver characteristic: strong driver
  175           ///  P10.8 - P10.11 output driver characteristic: strong driver
  176           ///  P10.12 - P10.15 output driver characteristic: strong driver
  177         
  178           ///  P10.0 - P10.3 output edge characteristic: sharp edge mode
  179           ///  P10.4 - P10.7 output edge characteristic: sharp edge mode
  180           ///  P10.8 - P10.11 output edge characteristic: sharp edge mode
  181           ///  P10.12 - P10.15 output edge characteristic: sharp edge mode
  182         
  183           P10_IOCR04     =  0x0080;      // load port control register 4
*** ERROR C25 IN LINE 183 OF IO.C: syntax error near 'uword'
  184           P10_IOCR05     =  0x0080;      // load port control register 5
*** ERROR C25 IN LINE 184 OF IO.C: syntax error near 'uword'
  185           P10_IOCR07     =  0x0080;      // load port control register 7
*** ERROR C25 IN LINE 185 OF IO.C: syntax error near 'uword'
  186         
  187         
  188           // USER CODE BEGIN (IO_Function,3)
  189         
  190           // USER CODE END
  191         
  192         } //  End of function IO_vInit
  193         
  194         
  195         
  196         
  197         // USER CODE BEGIN (IO_General,10)
  198         
  199         // USER CODE END
  200         
*** ERROR C7 IN LINE 201 OF IO.C: compilation aborted

C166 COMPILATION COMPLETE.  4 WARNING(S),  20 ERROR(S)
